<?xml version="1.0" encoding="UTF-8"?>
<!-- Generated by org.testng.reporters.JUnitReportReporter -->
<testsuite hostname="10X-D-Hymavathi" name="com.gbm.ppf.testscripts.GBM_TS1_PPF_RegistrationCash" tests="1" failures="0" timestamp="30 Sep 2014 07:37:03 GMT" time="0.127" errors="0">
  <testcase name="CBDTcashTransaction" time="0.127" classname="com.gbm.ppf.testscripts.GBM_TS1_PPF_RegistrationCash"/>
</testsuite> <!-- com.gbm.ppf.testscripts.GBM_TS1_PPF_RegistrationCash -->
