<?xml version="1.0" encoding="UTF-8"?>
<!-- Generated by org.testng.reporters.JUnitReportReporter -->
<testsuite hostname="IT-Admin-PC" name="com.axis.gbm.testsctipts.GBM_TS2_CBDTTransferTransaction" tests="1" failures="0" timestamp="16 Sep 2014 11:27:30 GMT" time="246.827" errors="0">
  <testcase name="CBDTTransferTransaction" time="246.827" classname="com.axis.gbm.testsctipts.GBM_TS2_CBDTTransferTransaction"/>
</testsuite> <!-- com.axis.gbm.testsctipts.GBM_TS2_CBDTTransferTransaction -->
