<?xml version="1.0" encoding="UTF-8"?>
<!-- Generated by org.testng.reporters.JUnitReportReporter -->
<testsuite hostname="10X-D-Hymavathi" name="com.gbm.cbdttestsctipts.GBM_TS2_CBDTTransferTransaction" tests="1" failures="0" timestamp="30 Sep 2014 10:56:44 GMT" time="258.465" errors="0">
  <testcase name="CBDTTransferTransaction" time="258.465" classname="com.gbm.cbdttestsctipts.GBM_TS2_CBDTTransferTransaction"/>
</testsuite> <!-- com.gbm.cbdttestsctipts.GBM_TS2_CBDTTransferTransaction -->
