<?xml version="1.0" encoding="UTF-8"?>
<!-- Generated by org.testng.reporters.JUnitReportReporter -->
<testsuite hostname="10X-D-Hymavathi" name="com.gbm.cbdttestsctipts.GBM_TS1_CBDTCashTransaction" tests="1" failures="0" timestamp="30 Sep 2014 09:49:35 GMT" time="196.503" errors="0">
  <testcase name="CBDTcashTransaction" time="196.503" classname="com.gbm.cbdttestsctipts.GBM_TS1_CBDTCashTransaction"/>
</testsuite> <!-- com.gbm.cbdttestsctipts.GBM_TS1_CBDTCashTransaction -->
