<?xml version="1.0" encoding="UTF-8"?>
<!-- Generated by org.testng.reporters.JUnitReportReporter -->
<testsuite hostname="IT-Admin-PC" name="com.axis.gbm.testsctipts.GBM_TS1_CBDTCashTransaction" tests="1" failures="0" timestamp="13 Sep 2014 12:45:45 GMT" time="171.961" errors="0">
  <testcase name="CBDTcashTransaction" time="171.961" classname="com.axis.gbm.testsctipts.GBM_TS1_CBDTCashTransaction"/>
</testsuite> <!-- com.axis.gbm.testsctipts.GBM_TS1_CBDTCashTransaction -->
