<?xml version="1.0" encoding="UTF-8"?>
<!-- Generated by org.testng.reporters.JUnitReportReporter -->
<testsuite hostname="10X-D-Hymavathi" name="com.axis.gbm.testsctipts.GBM_TS1_CBDTTransaction" tests="1" failures="0" timestamp="10 Sep 2014 13:00:04 GMT" time="63.528" errors="0">
  <testcase name="CBDTcashTransaction" time="63.528" classname="com.axis.gbm.testsctipts.GBM_TS1_CBDTTransaction"/>
</testsuite> <!-- com.axis.gbm.testsctipts.GBM_TS1_CBDTTransaction -->
